<?xml version="1.0" encoding="UTF-8"?>
<!-- Generated by org.testng.reporters.JUnitReportReporter -->
<testsuite skipped="0" hostname="IN-KAPIL-LT" name="Practice" tests="3" failures="0" timestamp="07 Jun 2021 07:30:09 GMT" time="4.455" errors="0">
  <testcase name="putrequest" time="3.458" classname="Practice"/>
  <testcase name="updateUser" time="0.545" classname="Practice"/>
  <testcase name="test3" time="0.452" classname="Practice"/>
</testsuite> <!-- Practice -->
