<?xml version="1.0" encoding="UTF-8"?>
<!-- Generated by org.testng.reporters.JUnitReportReporter -->
<testsuite skipped="0" hostname="IN-KAPIL-LT" name="get_Request.Req_Test1" tests="1" failures="0" timestamp="04 Jun 2021 14:36:07 GMT" time="3.229" errors="0">
  <testcase name="addUser" time="3.229" classname="get_Request.Req_Test1"/>
</testsuite> <!-- get_Request.Req_Test1 -->
